TN:
SF:src/index.js
FN:43,start
FN:45,(anonymous_1)
FNF:2
FNH:0
FNDA:0,start
FNDA:0,(anonymous_1)
DA:1,0
DA:2,0
DA:3,0
DA:4,0
DA:5,0
DA:6,0
DA:7,0
DA:8,0
DA:10,0
DA:24,0
DA:26,0
DA:27,0
DA:28,0
DA:29,0
DA:30,0
DA:34,0
DA:35,0
DA:42,0
DA:43,0
DA:44,0
DA:45,0
DA:47,0
DA:48,0
DA:51,0
DA:52,0
DA:53,0
LF:26
LH:0
BRDA:26,0,0,0
BRDA:26,0,1,0
BRF:2
BRH:0
end_of_record
TN:
SF:src/helper/allowedRole.js
FN:5,allowedRole
FN:6,(anonymous_1)
FNF:2
FNH:0
FNDA:0,allowedRole
FNDA:0,(anonymous_1)
DA:1,0
DA:3,0
DA:5,0
DA:6,0
DA:7,0
DA:8,0
DA:9,0
DA:11,0
DA:12,0
DA:13,0
DA:17,0
LF:11
LH:0
BRDA:7,0,0,0
BRDA:7,0,1,0
BRDA:7,1,0,0
BRDA:7,1,1,0
BRDA:7,1,2,0
BRDA:7,1,3,0
BRDA:8,2,0,0
BRDA:8,2,1,0
BRDA:8,3,0,0
BRDA:8,3,1,0
BRF:10
BRH:0
end_of_record
TN:
SF:src/helper/apiCallLog.js
FN:4,apiLogger
FN:21,(anonymous_1)
FNF:2
FNH:0
FNDA:0,apiLogger
FNDA:0,(anonymous_1)
DA:1,0
DA:5,0
DA:6,0
DA:11,0
DA:18,0
DA:21,0
DA:22,0
DA:23,0
DA:27,0
DA:30,0
LF:10
LH:0
BRDA:22,0,0,0
BRF:1
BRH:0
end_of_record
TN:
SF:src/helper/mailHelper.js
FNF:0
FNH:0
DA:1,0
DA:2,0
DA:4,0
DA:6,0
DA:14,0
LF:5
LH:0
BRF:0
BRH:0
end_of_record
TN:
SF:src/helper/sendNotification.js
FN:2,_regeneratorRuntime
FN:3,sendNotification
FN:3,_sendNotification
FN:3,_callee
FNF:4
FNH:0
FNDA:0,_regeneratorRuntime
FNDA:0,sendNotification
FNDA:0,_sendNotification
FNDA:0,_callee
DA:1,0
DA:2,0
DA:3,0
DA:12,0
DA:16,0
DA:22,0
DA:27,0
DA:32,0
DA:34,0
DA:36,0
LF:10
LH:0
BRDA:2,0,0,0
BRDA:2,0,1,0
BRDA:2,1,0,0
BRDA:2,1,1,0
BRDA:2,1,2,0
BRDA:2,1,3,0
BRDA:2,2,0,0
BRDA:2,3,0,0
BRDA:2,3,1,0
BRDA:2,3,2,0
BRDA:2,4,0,0
BRDA:2,4,1,0
BRDA:2,4,2,0
BRDA:2,4,3,0
BRDA:2,4,4,0
BRDA:2,5,0,0
BRDA:2,5,1,0
BRDA:2,5,2,0
BRDA:2,5,3,0
BRDA:2,5,4,0
BRDA:2,5,5,0
BRDA:3,6,0,0
BRDA:3,6,1,0
BRDA:3,6,2,0
BRDA:3,6,3,0
BRDA:3,6,4,0
BRDA:3,6,5,0
BRDA:31,7,0,0
BRDA:31,7,1,0
BRF:29
BRH:0
end_of_record
TN:
SF:src/helper/utils.js
FN:1,(anonymous_8)
FN:2,Util
FN:9,setSuccess
FN:16,setError
FN:22,send
FNF:5
FNH:0
FNDA:0,(anonymous_8)
FNDA:0,Util
FNDA:0,setSuccess
FNDA:0,setError
FNDA:0,send
DA:1,0
DA:2,0
DA:3,0
DA:4,0
DA:5,0
DA:6,0
DA:7,0
DA:10,0
DA:11,0
DA:12,0
DA:13,0
DA:17,0
DA:18,0
DA:19,0
DA:23,0
DA:28,0
DA:29,0
DA:31,0
DA:35,0
DA:38,0
LF:20
LH:0
BRDA:28,0,0,0
BRF:1
BRH:0
end_of_record
TN:
SF:src/middleware/index.js
FN:2,_regeneratorRuntime
FN:4,(anonymous_59)
FN:4,_callee
FN:4,_callee$
FN:4,protect
FNF:5
FNH:0
FNDA:0,_regeneratorRuntime
FNDA:0,(anonymous_59)
FNDA:0,_callee
FNDA:0,_callee$
FNDA:0,protect
DA:1,0
DA:2,0
DA:3,0
DA:4,0
DA:5,0
DA:6,0
DA:7,0
DA:13,0
DA:15,0
DA:17,0
DA:20,0
DA:21,0
DA:23,0
DA:25,0
DA:26,0
LF:15
LH:0
BRDA:2,0,0,0
BRDA:2,0,1,0
BRDA:2,1,0,0
BRDA:2,1,1,0
BRDA:2,1,2,0
BRDA:2,1,3,0
BRDA:2,2,0,0
BRDA:2,3,0,0
BRDA:2,3,1,0
BRDA:2,3,2,0
BRDA:2,4,0,0
BRDA:2,4,1,0
BRDA:2,4,2,0
BRDA:2,4,3,0
BRDA:2,4,4,0
BRDA:2,5,0,0
BRDA:2,5,1,0
BRDA:2,5,2,0
BRDA:2,5,3,0
BRDA:2,5,4,0
BRDA:2,5,5,0
BRDA:4,6,0,0
BRDA:4,6,1,0
BRDA:4,6,2,0
BRDA:4,6,3,0
BRDA:4,6,4,0
BRDA:4,6,5,0
BRDA:4,6,6,0
BRDA:4,7,0,0
BRDA:15,8,0,0
BRF:30
BRH:0
end_of_record
TN:
SF:src/restful/controllers/adminController.js
FN:2,_regeneratorRuntime
FN:15,(anonymous_70)
FN:16,(anonymous_72)
FN:22,_callee
FN:22,_callee$
FN:66,adminCreateUser
FN:68,_callee2
FN:68,_callee2$
FN:86,adminActivateUser
FN:88,_callee3
FN:88,_callee3$
FN:106,adminDeActivateUser
FN:108,_callee4
FN:108,_callee4$
FN:118,(anonymous_87)
FN:134,admingetAllUsers
FN:136,_callee5
FN:136,_callee5$
FN:160,adminDeleteUser
FN:162,_callee6
FN:162,_callee6$
FN:198,adminUpdateUserLimits
FN:200,_callee7
FN:200,_callee7$
FN:230,adminGetInfo
FN:232,_callee9
FN:232,_callee9$
FN:242,(anonymous_104)
FN:259,(anonymous_105)
FN:260,_callee8
FN:260,_callee8$
FN:274,(anonymous_108)
FN:295,getAllOpportunities
FN:297,_callee10
FN:297,_callee10$
FN:309,getCompanyInfo
FN:311,_callee11
FN:311,_callee11$
FN:338,updateCompanyInfo
FNF:39
FNH:0
FNDA:0,_regeneratorRuntime
FNDA:0,(anonymous_70)
FNDA:0,(anonymous_72)
FNDA:0,_callee
FNDA:0,_callee$
FNDA:0,adminCreateUser
FNDA:0,_callee2
FNDA:0,_callee2$
FNDA:0,adminActivateUser
FNDA:0,_callee3
FNDA:0,_callee3$
FNDA:0,adminDeActivateUser
FNDA:0,_callee4
FNDA:0,_callee4$
FNDA:0,(anonymous_87)
FNDA:0,admingetAllUsers
FNDA:0,_callee5
FNDA:0,_callee5$
FNDA:0,adminDeleteUser
FNDA:0,_callee6
FNDA:0,_callee6$
FNDA:0,adminUpdateUserLimits
FNDA:0,_callee7
FNDA:0,_callee7$
FNDA:0,adminGetInfo
FNDA:0,_callee9
FNDA:0,_callee9$
FNDA:0,(anonymous_104)
FNDA:0,(anonymous_105)
FNDA:0,_callee8
FNDA:0,_callee8$
FNDA:0,(anonymous_108)
FNDA:0,getAllOpportunities
FNDA:0,_callee10
FNDA:0,_callee10$
FNDA:0,getCompanyInfo
FNDA:0,_callee11
FNDA:0,_callee11$
FNDA:0,updateCompanyInfo
DA:2,0
DA:3,0
DA:4,0
DA:7,0
DA:13,0
DA:15,0
DA:16,0
DA:22,0
DA:24,0
DA:25,0
DA:27,0
DA:32,0
DA:36,0
DA:38,0
DA:47,0
DA:48,0
DA:49,0
DA:53,0
DA:54,0
DA:55,0
DA:57,0
DA:58,0
DA:61,0
DA:62,0
DA:63,0
DA:64,0
DA:66,0
DA:68,0
DA:69,0
DA:71,0
DA:73,0
DA:77,0
DA:78,0
DA:79,0
DA:81,0
DA:82,0
DA:83,0
DA:84,0
DA:86,0
DA:88,0
DA:89,0
DA:91,0
DA:93,0
DA:97,0
DA:98,0
DA:99,0
DA:101,0
DA:102,0
DA:103,0
DA:104,0
DA:106,0
DA:108,0
DA:110,0
DA:111,0
DA:113,0
DA:115,0
DA:117,0
DA:118,0
DA:119,0
DA:121,0
DA:122,0
DA:125,0
DA:127,0
DA:129,0
DA:130,0
DA:131,0
DA:132,0
DA:134,0
DA:136,0
DA:137,0
DA:139,0
DA:140,0
DA:141,0
DA:142,0
DA:143,0
DA:144,0
DA:145,0
DA:146,0
DA:147,0
DA:151,0
DA:152,0
DA:153,0
DA:155,0
DA:156,0
DA:157,0
DA:158,0
DA:160,0
DA:162,0
DA:163,0
DA:166,0
DA:169,0
DA:170,0
DA:172,0
DA:173,0
DA:174,0
DA:178,0
DA:180,0
DA:181,0
DA:183,0
DA:184,0
DA:185,0
DA:189,0
DA:190,0
DA:191,0
DA:193,0
DA:194,0
DA:195,0
DA:196,0
DA:198,0
DA:200,0
DA:202,0
DA:203,0
DA:204,0
DA:208,0
DA:209,0
DA:213,0
DA:223,0
DA:224,0
DA:226,0
DA:227,0
DA:228,0
DA:230,0
DA:232,0
DA:233,0
DA:236,0
DA:239,0
DA:242,0
DA:243,0
DA:244,0
DA:245,0
DA:246,0
DA:248,0
DA:252,0
DA:253,0
DA:259,0
DA:260,0
DA:261,0
DA:262,0
DA:263,0
DA:264,0
DA:265,0
DA:266,0
DA:272,0
DA:274,0
DA:277,0
DA:278,0
DA:280,0
DA:281,0
DA:282,0
DA:285,0
DA:286,0
DA:287,0
DA:290,0
DA:291,0
DA:292,0
DA:293,0
DA:295,0
DA:297,0
DA:299,0
DA:300,0
DA:301,0
DA:302,0
DA:303,0
DA:305,0
DA:306,0
DA:307,0
DA:309,0
DA:311,0
DA:313,0
DA:314,0
DA:315,0
DA:316,0
DA:319,0
DA:320,0
DA:321,0
DA:323,0
DA:324,0
DA:325,0
DA:327,0
DA:331,0
DA:332,0
DA:334,0
DA:335,0
DA:336,0
DA:338,0
DA:341,0
LF:186
LH:0
BRDA:2,0,0,0
BRDA:2,0,1,0
BRDA:2,1,0,0
BRDA:2,1,1,0
BRDA:2,1,2,0
BRDA:2,1,3,0
BRDA:2,2,0,0
BRDA:2,3,0,0
BRDA:2,3,1,0
BRDA:2,3,2,0
BRDA:2,4,0,0
BRDA:2,4,1,0
BRDA:2,4,2,0
BRDA:2,4,3,0
BRDA:2,4,4,0
BRDA:2,5,0,0
BRDA:2,5,1,0
BRDA:2,5,2,0
BRDA:2,5,3,0
BRDA:2,5,4,0
BRDA:2,5,5,0
BRDA:22,6,0,0
BRDA:22,6,1,0
BRDA:22,6,2,0
BRDA:22,6,3,0
BRDA:22,6,4,0
BRDA:22,6,5,0
BRDA:22,6,6,0
BRDA:22,6,7,0
BRDA:22,6,8,0
BRDA:44,7,0,0
BRDA:44,7,1,0
BRDA:44,7,2,0
BRDA:47,8,0,0
BRDA:47,9,0,0
BRDA:47,9,1,0
BRDA:55,10,0,0
BRDA:61,11,0,0
BRDA:61,11,1,0
BRDA:61,12,0,0
BRDA:61,12,1,0
BRDA:61,12,2,0
BRDA:61,12,3,0
BRDA:63,13,0,0
BRDA:63,13,1,0
BRDA:63,13,2,0
BRDA:68,14,0,0
BRDA:68,14,1,0
BRDA:68,14,2,0
BRDA:68,14,3,0
BRDA:68,14,4,0
BRDA:68,14,5,0
BRDA:83,15,0,0
BRDA:83,15,1,0
BRDA:88,16,0,0
BRDA:88,16,1,0
BRDA:88,16,2,0
BRDA:88,16,3,0
BRDA:88,16,4,0
BRDA:88,16,5,0
BRDA:103,17,0,0
BRDA:103,17,1,0
BRDA:108,18,0,0
BRDA:108,18,1,0
BRDA:108,18,2,0
BRDA:108,18,3,0
BRDA:108,18,4,0
BRDA:117,19,0,0
BRDA:121,20,0,0
BRDA:131,21,0,0
BRDA:131,21,1,0
BRDA:136,22,0,0
BRDA:136,22,1,0
BRDA:136,22,2,0
BRDA:136,22,3,0
BRDA:136,22,4,0
BRDA:136,22,5,0
BRDA:136,22,6,0
BRDA:136,22,7,0
BRDA:142,23,0,0
BRDA:142,23,1,0
BRDA:142,24,0,0
BRDA:142,24,1,0
BRDA:144,25,0,0
BRDA:157,26,0,0
BRDA:157,26,1,0
BRDA:162,27,0,0
BRDA:162,27,1,0
BRDA:162,27,2,0
BRDA:162,27,3,0
BRDA:162,27,4,0
BRDA:162,27,5,0
BRDA:162,27,6,0
BRDA:170,28,0,0
BRDA:180,29,0,0
BRDA:183,30,0,0
BRDA:195,31,0,0
BRDA:195,31,1,0
BRDA:200,32,0,0
BRDA:200,32,1,0
BRDA:200,32,2,0
BRDA:200,32,3,0
BRDA:200,32,4,0
BRDA:200,32,5,0
BRDA:200,32,6,0
BRDA:200,32,7,0
BRDA:227,33,0,0
BRDA:227,33,1,0
BRDA:232,34,0,0
BRDA:232,34,1,0
BRDA:232,34,2,0
BRDA:232,34,3,0
BRDA:232,34,4,0
BRDA:232,34,5,0
BRDA:232,34,6,0
BRDA:232,34,7,0
BRDA:232,34,8,0
BRDA:245,35,0,0
BRDA:245,35,1,0
BRDA:260,36,0,0
BRDA:260,36,1,0
BRDA:260,36,2,0
BRDA:260,36,3,0
BRDA:271,37,0,0
BRDA:271,37,1,0
BRDA:272,38,0,0
BRDA:272,38,1,0
BRDA:272,39,0,0
BRDA:272,39,1,0
BRDA:272,40,0,0
BRDA:272,40,1,0
BRDA:272,41,0,0
BRDA:272,41,1,0
BRDA:278,42,0,0
BRDA:292,43,0,0
BRDA:292,43,1,0
BRDA:297,44,0,0
BRDA:297,44,1,0
BRDA:297,44,2,0
BRDA:297,44,3,0
BRDA:297,44,4,0
BRDA:306,45,0,0
BRDA:306,45,1,0
BRDA:311,46,0,0
BRDA:311,46,1,0
BRDA:311,46,2,0
BRDA:311,46,3,0
BRDA:311,46,4,0
BRDA:311,46,5,0
BRDA:313,47,0,0
BRDA:323,48,0,0
BRDA:335,49,0,0
BRDA:335,49,1,0
BRF:153
BRH:0
end_of_record
TN:
SF:src/restful/controllers/applicationsController.js
FN:2,_regeneratorRuntime
FN:12,createRoom
FN:12,_createRoom
FN:12,_callee7
FN:12,_callee7$
FN:75,(anonymous_80)
FN:76,_callee
FN:76,_callee$
FN:85,(anonymous_85)
FN:99,getAllApplications
FN:101,_callee2
FN:101,_callee2$
FN:129,getApplicationById
FN:131,_callee3
FN:131,_callee3$
FN:182,createApplication
FN:184,_callee4
FN:184,_callee4$
FN:251,updateApplication
FN:253,_callee5
FN:253,_callee5$
FN:267,deleteApplication
FN:269,_callee6
FN:269,_callee6$
FN:287,(anonymous_106)
FN:307,getAllApplicationsById
FNF:26
FNH:0
FNDA:0,_regeneratorRuntime
FNDA:0,createRoom
FNDA:0,_createRoom
FNDA:0,_callee7
FNDA:0,_callee7$
FNDA:0,(anonymous_80)
FNDA:0,_callee
FNDA:0,_callee$
FNDA:0,(anonymous_85)
FNDA:0,getAllApplications
FNDA:0,_callee2
FNDA:0,_callee2$
FNDA:0,getApplicationById
FNDA:0,_callee3
FNDA:0,_callee3$
FNDA:0,createApplication
FNDA:0,_callee4
FNDA:0,_callee4$
FNDA:0,updateApplication
FNDA:0,_callee5
FNDA:0,_callee5$
FNDA:0,deleteApplication
FNDA:0,_callee6
FNDA:0,_callee6$
FNDA:0,(anonymous_106)
FNDA:0,getAllApplicationsById
DA:1,0
DA:2,0
DA:3,0
DA:4,0
DA:5,0
DA:6,0
DA:8,0
DA:10,0
DA:12,0
DA:15,0
DA:16,0
DA:17,0
DA:20,0
DA:21,0
DA:22,0
DA:25,0
DA:27,0
DA:31,0
DA:32,0
DA:34,0
DA:35,0
DA:43,0
DA:61,0
DA:63,0
DA:69,0
DA:71,0
DA:73,0
DA:75,0
DA:76,0
DA:77,0
DA:79,0
DA:81,0
DA:82,0
DA:85,0
DA:86,0
DA:87,0
DA:90,0
DA:91,0
DA:92,0
DA:94,0
DA:95,0
DA:96,0
DA:97,0
DA:99,0
DA:101,0
DA:102,0
DA:103,0
DA:105,0
DA:107,0
DA:112,0
DA:113,0
DA:114,0
DA:115,0
DA:118,0
DA:119,0
DA:120,0
DA:121,0
DA:124,0
DA:125,0
DA:126,0
DA:127,0
DA:129,0
DA:131,0
DA:132,0
DA:133,0
DA:136,0
DA:137,0
DA:139,0
DA:140,0
DA:141,0
DA:145,0
DA:147,0
DA:150,0
DA:152,0
DA:153,0
DA:157,0
DA:158,0
DA:165,0
DA:166,0
DA:173,0
DA:174,0
DA:175,0
DA:177,0
DA:178,0
DA:179,0
DA:180,0
DA:182,0
DA:184,0
DA:185,0
DA:186,0
DA:187,0
DA:190,0
DA:192,0
DA:193,0
DA:194,0
DA:195,0
DA:198,0
DA:200,0
DA:201,0
DA:203,0
DA:204,0
DA:208,0
DA:210,0
DA:211,0
DA:212,0
DA:213,0
DA:214,0
DA:215,0
DA:217,0
DA:222,0
DA:224,0
DA:226,0
DA:227,0
DA:232,0
DA:237,0
DA:238,0
DA:242,0
DA:243,0
DA:244,0
DA:246,0
DA:247,0
DA:248,0
DA:249,0
DA:251,0
DA:253,0
DA:254,0
DA:255,0
DA:258,0
DA:259,0
DA:260,0
DA:262,0
DA:263,0
DA:264,0
DA:265,0
DA:267,0
DA:269,0
DA:270,0
DA:273,0
DA:274,0
DA:276,0
DA:277,0
DA:281,0
DA:283,0
DA:285,0
DA:287,0
DA:288,0
DA:289,0
DA:292,0
DA:295,0
DA:297,0
DA:299,0
DA:302,0
DA:305,0
DA:307,0
DA:310,0
LF:155
LH:0
BRDA:2,0,0,0
BRDA:2,0,1,0
BRDA:2,1,0,0
BRDA:2,1,1,0
BRDA:2,1,2,0
BRDA:2,1,3,0
BRDA:2,2,0,0
BRDA:2,3,0,0
BRDA:2,3,1,0
BRDA:2,3,2,0
BRDA:2,4,0,0
BRDA:2,4,1,0
BRDA:2,4,2,0
BRDA:2,4,3,0
BRDA:2,4,4,0
BRDA:2,5,0,0
BRDA:2,5,1,0
BRDA:2,5,2,0
BRDA:2,5,3,0
BRDA:2,5,4,0
BRDA:2,5,5,0
BRDA:12,6,0,0
BRDA:12,6,1,0
BRDA:12,6,2,0
BRDA:12,6,3,0
BRDA:12,6,4,0
BRDA:12,6,5,0
BRDA:12,6,6,0
BRDA:12,6,7,0
BRDA:12,6,8,0
BRDA:22,7,0,0
BRDA:27,8,0,0
BRDA:27,8,1,0
BRDA:32,9,0,0
BRDA:53,10,0,0
BRDA:53,10,1,0
BRDA:58,11,0,0
BRDA:58,11,1,0
BRDA:76,12,0,0
BRDA:76,12,1,0
BRDA:76,12,2,0
BRDA:76,12,3,0
BRDA:76,12,4,0
BRDA:96,13,0,0
BRDA:96,13,1,0
BRDA:101,14,0,0
BRDA:101,14,1,0
BRDA:101,14,2,0
BRDA:101,14,3,0
BRDA:101,14,4,0
BRDA:101,14,5,0
BRDA:101,14,6,0
BRDA:107,15,0,0
BRDA:126,16,0,0
BRDA:126,16,1,0
BRDA:131,17,0,0
BRDA:131,17,1,0
BRDA:131,17,2,0
BRDA:131,17,3,0
BRDA:131,17,4,0
BRDA:131,17,5,0
BRDA:131,17,6,0
BRDA:131,17,7,0
BRDA:131,17,8,0
BRDA:137,18,0,0
BRDA:147,19,0,0
BRDA:179,20,0,0
BRDA:179,20,1,0
BRDA:184,21,0,0
BRDA:184,21,1,0
BRDA:184,21,2,0
BRDA:184,21,3,0
BRDA:184,21,4,0
BRDA:184,21,5,0
BRDA:184,21,6,0
BRDA:184,21,7,0
BRDA:184,21,8,0
BRDA:184,21,9,0
BRDA:184,21,10,0
BRDA:190,22,0,0
BRDA:198,23,0,0
BRDA:211,24,0,0
BRDA:213,25,0,0
BRDA:224,26,0,0
BRDA:248,27,0,0
BRDA:248,27,1,0
BRDA:253,28,0,0
BRDA:253,28,1,0
BRDA:253,28,2,0
BRDA:253,28,3,0
BRDA:253,28,4,0
BRDA:264,29,0,0
BRDA:264,29,1,0
BRDA:269,30,0,0
BRDA:269,30,1,0
BRDA:269,30,2,0
BRDA:269,30,3,0
BRDA:269,30,4,0
BRDA:285,31,0,0
BRDA:285,31,1,0
BRF:100
BRH:0
end_of_record
TN:
SF:src/restful/controllers/authController.js
FN:2,_regeneratorRuntime
FN:52,(anonymous_85)
FN:53,(anonymous_87)
FN:59,_callee
FN:59,_callee$
FN:102,signup
FN:104,_callee2
FN:104,_callee2$
FN:138,verifyOtp
FN:140,_callee3
FN:140,_callee3$
FN:166,forgetPassword
FN:168,_callee4
FN:168,_callee4$
FN:182,resetUserPassword
FN:184,_callee5
FN:184,_callee5$
FN:215,getUser
FN:217,_callee6
FN:217,_callee6$
FN:279,getPublicUser
FN:281,_callee7
FN:281,_callee7$
FN:315,getAllUsers
FN:317,_callee9
FN:317,_callee9$
FN:346,(anonymous_118)
FN:346,_callee8
FN:346,_callee8$
FN:367,(anonymous_121)
FN:368,(anonymous_122)
FN:381,updateUser
FN:383,_callee10
FN:383,_callee10$
FN:397,changePassword
FN:399,_callee11
FN:399,_callee11$
FN:417,checkEmailExists
FN:419,_callee12
FN:419,_callee12$
FN:441,changeEmail
FN:443,_callee13
FN:443,_callee13$
FN:459,updateUserSubscription
FN:461,_callee14
FN:461,_callee14$
FN:493,checkSubscription
FNF:47
FNH:0
FNDA:0,_regeneratorRuntime
FNDA:0,(anonymous_85)
FNDA:0,(anonymous_87)
FNDA:0,_callee
FNDA:0,_callee$
FNDA:0,signup
FNDA:0,_callee2
FNDA:0,_callee2$
FNDA:0,verifyOtp
FNDA:0,_callee3
FNDA:0,_callee3$
FNDA:0,forgetPassword
FNDA:0,_callee4
FNDA:0,_callee4$
FNDA:0,resetUserPassword
FNDA:0,_callee5
FNDA:0,_callee5$
FNDA:0,getUser
FNDA:0,_callee6
FNDA:0,_callee6$
FNDA:0,getPublicUser
FNDA:0,_callee7
FNDA:0,_callee7$
FNDA:0,getAllUsers
FNDA:0,_callee9
FNDA:0,_callee9$
FNDA:0,(anonymous_118)
FNDA:0,_callee8
FNDA:0,_callee8$
FNDA:0,(anonymous_121)
FNDA:0,(anonymous_122)
FNDA:0,updateUser
FNDA:0,_callee10
FNDA:0,_callee10$
FNDA:0,changePassword
FNDA:0,_callee11
FNDA:0,_callee11$
FNDA:0,checkEmailExists
FNDA:0,_callee12
FNDA:0,_callee12$
FNDA:0,changeEmail
FNDA:0,_callee13
FNDA:0,_callee13$
FNDA:0,updateUserSubscription
FNDA:0,_callee14
FNDA:0,_callee14$
FNDA:0,checkSubscription
DA:2,0
DA:3,0
DA:4,0
DA:5,0
DA:6,0
DA:7,0
DA:8,0
DA:9,0
DA:11,0
DA:17,0
DA:19,0
DA:30,0
DA:52,0
DA:53,0
DA:59,0
DA:61,0
DA:64,0
DA:67,0
DA:68,0
DA:70,0
DA:71,0
DA:76,0
DA:79,0
DA:92,0
DA:93,0
DA:94,0
DA:96,0
DA:97,0
DA:98,0
DA:99,0
DA:100,0
DA:102,0
DA:104,0
DA:107,0
DA:109,0
DA:110,0
DA:111,0
DA:113,0
DA:114,0
DA:115,0
DA:116,0
DA:118,0
DA:119,0
DA:120,0
DA:122,0
DA:124,0
DA:127,0
DA:128,0
DA:129,0
DA:131,0
DA:132,0
DA:134,0
DA:135,0
DA:136,0
DA:138,0
DA:140,0
DA:142,0
DA:143,0
DA:144,0
DA:147,0
DA:148,0
DA:151,0
DA:152,0
DA:153,0
DA:158,0
DA:159,0
DA:162,0
DA:164,0
DA:166,0
DA:168,0
DA:169,0
DA:174,0
DA:175,0
DA:176,0
DA:178,0
DA:179,0
DA:180,0
DA:182,0
DA:184,0
DA:186,0
DA:188,0
DA:189,0
DA:191,0
DA:192,0
DA:193,0
DA:194,0
DA:195,0
DA:196,0
DA:197,0
DA:198,0
DA:200,0
DA:205,0
DA:206,0
DA:207,0
DA:209,0
DA:212,0
DA:213,0
DA:215,0
DA:217,0
DA:219,0
DA:221,0
DA:222,0
DA:223,0
DA:227,0
DA:228,0
DA:230,0
DA:231,0
DA:232,0
DA:233,0
DA:237,0
DA:238,0
DA:239,0
DA:240,0
DA:241,0
DA:242,0
DA:243,0
DA:245,0
DA:250,0
DA:270,0
DA:271,0
DA:272,0
DA:274,0
DA:275,0
DA:276,0
DA:277,0
DA:279,0
DA:281,0
DA:283,0
DA:284,0
DA:285,0
DA:286,0
DA:288,0
DA:289,0
DA:290,0
DA:291,0
DA:292,0
DA:293,0
DA:294,0
DA:295,0
DA:296,0
DA:298,0
DA:303,0
DA:304,0
DA:308,0
DA:313,0
DA:315,0
DA:317,0
DA:319,0
DA:320,0
DA:322,0
DA:324,0
DA:327,0
DA:330,0
DA:331,0
DA:335,0
DA:336,0
DA:337,0
DA:345,0
DA:346,0
DA:348,0
DA:349,0
DA:352,0
DA:362,0
DA:364,0
DA:366,0
DA:367,0
DA:370,0
DA:371,0
DA:372,0
DA:373,0
DA:374,0
DA:377,0
DA:378,0
DA:379,0
DA:381,0
DA:383,0
DA:384,0
DA:389,0
DA:390,0
DA:391,0
DA:393,0
DA:394,0
DA:395,0
DA:397,0
DA:399,0
DA:400,0
DA:402,0
DA:403,0
DA:407,0
DA:408,0
DA:409,0
DA:412,0
DA:413,0
DA:415,0
DA:417,0
DA:419,0
DA:420,0
DA:421,0
DA:423,0
DA:424,0
DA:427,0
DA:428,0
DA:433,0
DA:434,0
DA:435,0
DA:437,0
DA:438,0
DA:439,0
DA:441,0
DA:443,0
DA:445,0
DA:446,0
DA:447,0
DA:451,0
DA:452,0
DA:453,0
DA:455,0
DA:456,0
DA:457,0
DA:459,0
DA:461,0
DA:463,0
DA:465,0
DA:466,0
DA:467,0
DA:471,0
DA:472,0
DA:473,0
DA:475,0
DA:476,0
DA:477,0
DA:481,0
DA:482,0
DA:484,0
DA:485,0
DA:486,0
DA:488,0
DA:489,0
DA:490,0
DA:491,0
DA:493,0
DA:496,0
LF:242
LH:0
BRDA:2,0,0,0
BRDA:2,0,1,0
BRDA:2,1,0,0
BRDA:2,1,1,0
BRDA:2,1,2,0
BRDA:2,1,3,0
BRDA:2,2,0,0
BRDA:2,3,0,0
BRDA:2,3,1,0
BRDA:2,3,2,0
BRDA:2,4,0,0
BRDA:2,4,1,0
BRDA:2,4,2,0
BRDA:2,4,3,0
BRDA:2,4,4,0
BRDA:2,5,0,0
BRDA:2,5,1,0
BRDA:2,5,2,0
BRDA:2,5,3,0
BRDA:2,5,4,0
BRDA:2,5,5,0
BRDA:59,6,0,0
BRDA:59,6,1,0
BRDA:59,6,2,0
BRDA:59,6,3,0
BRDA:59,6,4,0
BRDA:59,6,5,0
BRDA:59,6,6,0
BRDA:59,6,7,0
BRDA:97,7,0,0
BRDA:97,7,1,0
BRDA:97,8,0,0
BRDA:97,8,1,0
BRDA:97,8,2,0
BRDA:97,8,3,0
BRDA:99,9,0,0
BRDA:99,9,1,0
BRDA:99,9,2,0
BRDA:104,10,0,0
BRDA:104,10,1,0
BRDA:104,10,2,0
BRDA:104,10,3,0
BRDA:104,10,4,0
BRDA:104,10,5,0
BRDA:104,10,6,0
BRDA:104,10,7,0
BRDA:104,10,8,0
BRDA:104,10,9,0
BRDA:111,11,0,0
BRDA:111,11,1,0
BRDA:111,12,0,0
BRDA:111,12,1,0
BRDA:111,13,0,0
BRDA:119,14,0,0
BRDA:133,15,0,0
BRDA:133,15,1,0
BRDA:133,15,2,0
BRDA:133,16,0,0
BRDA:133,16,1,0
BRDA:133,17,0,0
BRDA:133,17,1,0
BRDA:133,17,2,0
BRDA:133,17,3,0
BRDA:140,18,0,0
BRDA:140,18,1,0
BRDA:140,18,2,0
BRDA:140,18,3,0
BRDA:140,18,4,0
BRDA:140,18,5,0
BRDA:140,18,6,0
BRDA:143,19,0,0
BRDA:164,20,0,0
BRDA:164,20,1,0
BRDA:168,21,0,0
BRDA:168,21,1,0
BRDA:168,21,2,0
BRDA:168,21,3,0
BRDA:168,21,4,0
BRDA:179,22,0,0
BRDA:179,22,1,0
BRDA:184,23,0,0
BRDA:184,23,1,0
BRDA:184,23,2,0
BRDA:184,23,3,0
BRDA:184,23,4,0
BRDA:184,23,5,0
BRDA:184,23,6,0
BRDA:184,23,7,0
BRDA:184,23,8,0
BRDA:189,24,0,0
BRDA:192,25,0,0
BRDA:193,26,0,0
BRDA:193,26,1,0
BRDA:194,27,0,0
BRDA:194,27,1,0
BRDA:194,28,0,0
BRDA:194,28,1,0
BRDA:194,29,0,0
BRDA:196,30,0,0
BRDA:196,30,1,0
BRDA:196,31,0,0
BRDA:196,31,1,0
BRDA:197,32,0,0
BRDA:213,33,0,0
BRDA:213,33,1,0
BRDA:217,34,0,0
BRDA:217,34,1,0
BRDA:217,34,2,0
BRDA:217,34,3,0
BRDA:217,34,4,0
BRDA:217,34,5,0
BRDA:217,34,6,0
BRDA:217,34,7,0
BRDA:217,34,8,0
BRDA:219,35,0,0
BRDA:230,36,0,0
BRDA:237,37,0,0
BRDA:238,38,0,0
BRDA:238,38,1,0
BRDA:239,39,0,0
BRDA:239,39,1,0
BRDA:239,40,0,0
BRDA:239,40,1,0
BRDA:239,41,0,0
BRDA:241,42,0,0
BRDA:241,42,1,0
BRDA:241,43,0,0
BRDA:241,43,1,0
BRDA:242,44,0,0
BRDA:257,45,0,0
BRDA:257,45,1,0
BRDA:260,46,0,0
BRDA:260,46,1,0
BRDA:264,47,0,0
BRDA:264,47,1,0
BRDA:265,48,0,0
BRDA:265,48,1,0
BRDA:265,49,0,0
BRDA:265,49,1,0
BRDA:265,50,0,0
BRDA:265,50,1,0
BRDA:265,51,0,0
BRDA:265,51,1,0
BRDA:276,52,0,0
BRDA:276,52,1,0
BRDA:281,53,0,0
BRDA:281,53,1,0
BRDA:281,53,2,0
BRDA:281,53,3,0
BRDA:281,53,4,0
BRDA:281,53,5,0
BRDA:281,53,6,0
BRDA:281,53,7,0
BRDA:281,53,8,0
BRDA:281,53,9,0
BRDA:281,53,10,0
BRDA:281,53,11,0
BRDA:281,53,12,0
BRDA:286,54,0,0
BRDA:289,55,0,0
BRDA:290,56,0,0
BRDA:291,57,0,0
BRDA:291,57,1,0
BRDA:292,58,0,0
BRDA:292,58,1,0
BRDA:292,59,0,0
BRDA:292,59,1,0
BRDA:292,60,0,0
BRDA:294,61,0,0
BRDA:294,61,1,0
BRDA:294,62,0,0
BRDA:294,62,1,0
BRDA:295,63,0,0
BRDA:312,64,0,0
BRDA:312,64,1,0
BRDA:317,65,0,0
BRDA:317,65,1,0
BRDA:317,65,2,0
BRDA:317,65,3,0
BRDA:317,65,4,0
BRDA:317,65,5,0
BRDA:317,65,6,0
BRDA:320,66,0,0
BRDA:320,66,1,0
BRDA:320,67,0,0
BRDA:320,67,1,0
BRDA:320,68,0,0
BRDA:346,69,0,0
BRDA:346,69,1,0
BRDA:346,69,2,0
BRDA:346,69,3,0
BRDA:383,70,0,0
BRDA:383,70,1,0
BRDA:383,70,2,0
BRDA:383,70,3,0
BRDA:383,70,4,0
BRDA:386,71,0,0
BRDA:386,71,1,0
BRDA:386,72,0,0
BRDA:386,72,1,0
BRDA:394,73,0,0
BRDA:394,73,1,0
BRDA:399,74,0,0
BRDA:399,74,1,0
BRDA:399,74,2,0
BRDA:399,74,3,0
BRDA:399,74,4,0
BRDA:399,74,5,0
BRDA:399,74,6,0
BRDA:399,74,7,0
BRDA:400,75,0,0
BRDA:407,76,0,0
BRDA:409,77,0,0
BRDA:415,78,0,0
BRDA:415,78,1,0
BRDA:419,79,0,0
BRDA:419,79,1,0
BRDA:419,79,2,0
BRDA:419,79,3,0
BRDA:419,79,4,0
BRDA:419,79,5,0
BRDA:421,80,0,0
BRDA:438,81,0,0
BRDA:438,81,1,0
BRDA:443,82,0,0
BRDA:443,82,1,0
BRDA:443,82,2,0
BRDA:443,82,3,0
BRDA:443,82,4,0
BRDA:456,83,0,0
BRDA:456,83,1,0
BRDA:461,84,0,0
BRDA:461,84,1,0
BRDA:461,84,2,0
BRDA:461,84,3,0
BRDA:461,84,4,0
BRDA:461,84,5,0
BRDA:461,84,6,0
BRDA:463,85,0,0
BRDA:473,86,0,0
BRDA:482,87,0,0
BRDA:482,87,1,0
BRDA:490,88,0,0
BRDA:490,88,1,0
BRF:244
BRH:0
end_of_record
TN:
SF:src/restful/controllers/chatController.js
FN:2,_regeneratorRuntime
FN:10,(anonymous_70)
FN:11,_callee
FN:11,_callee$
FN:50,sendMessage
FN:52,_callee2
FN:52,_callee2$
FN:69,getRoomInfo
FN:71,_callee3
FN:71,_callee3$
FN:81,(anonymous_83)
FN:94,getUserRooms
FN:96,_callee4
FN:96,_callee4$
FN:107,(anonymous_88)
FN:117,receiveMessages
FN:119,_callee5
FN:119,_callee5$
FN:124,(anonymous_93)
FN:134,getUsers
FN:136,_callee6
FN:136,_callee6$
FN:139,(anonymous_98)
FN:146,getUserProfiles
FN:148,_callee7
FN:148,_callee7$
FN:157,(anonymous_103)
FN:163,getMessages
FN:165,_callee8
FN:165,_callee8$
FN:191,createRoom
FN:193,_callee9
FN:193,_callee9$
FN:213,addUserToRoom
FNF:34
FNH:0
FNDA:0,_regeneratorRuntime
FNDA:0,(anonymous_70)
FNDA:0,_callee
FNDA:0,_callee$
FNDA:0,sendMessage
FNDA:0,_callee2
FNDA:0,_callee2$
FNDA:0,getRoomInfo
FNDA:0,_callee3
FNDA:0,_callee3$
FNDA:0,(anonymous_83)
FNDA:0,getUserRooms
FNDA:0,_callee4
FNDA:0,_callee4$
FNDA:0,(anonymous_88)
FNDA:0,receiveMessages
FNDA:0,_callee5
FNDA:0,_callee5$
FNDA:0,(anonymous_93)
FNDA:0,getUsers
FNDA:0,_callee6
FNDA:0,_callee6$
FNDA:0,(anonymous_98)
FNDA:0,getUserProfiles
FNDA:0,_callee7
FNDA:0,_callee7$
FNDA:0,(anonymous_103)
FNDA:0,getMessages
FNDA:0,_callee8
FNDA:0,_callee8$
FNDA:0,createRoom
FNDA:0,_callee9
FNDA:0,_callee9$
FNDA:0,addUserToRoom
DA:1,0
DA:2,0
DA:4,0
DA:10,0
DA:11,0
DA:13,0
DA:22,0
DA:27,0
DA:28,0
DA:30,0
DA:37,0
DA:38,0
DA:39,0
DA:42,0
DA:45,0
DA:47,0
DA:48,0
DA:50,0
DA:52,0
DA:54,0
DA:55,0
DA:56,0
DA:57,0
DA:59,0
DA:63,0
DA:64,0
DA:66,0
DA:67,0
DA:69,0
DA:71,0
DA:73,0
DA:74,0
DA:75,0
DA:77,0
DA:78,0
DA:80,0
DA:81,0
DA:82,0
DA:83,0
DA:89,0
DA:91,0
DA:92,0
DA:94,0
DA:96,0
DA:98,0
DA:99,0
DA:100,0
DA:101,0
DA:104,0
DA:106,0
DA:107,0
DA:112,0
DA:114,0
DA:115,0
DA:117,0
DA:119,0
DA:121,0
DA:122,0
DA:124,0
DA:129,0
DA:131,0
DA:132,0
DA:134,0
DA:136,0
DA:138,0
DA:139,0
DA:141,0
DA:143,0
DA:144,0
DA:146,0
DA:148,0
DA:150,0
DA:151,0
DA:152,0
DA:155,0
DA:156,0
DA:157,0
DA:158,0
DA:160,0
DA:161,0
DA:163,0
DA:165,0
DA:167,0
DA:169,0
DA:173,0
DA:174,0
DA:176,0
DA:182,0
DA:186,0
DA:188,0
DA:189,0
DA:191,0
DA:193,0
DA:195,0
DA:197,0
DA:201,0
DA:202,0
DA:208,0
DA:210,0
DA:211,0
DA:213,0
DA:216,0
LF:102
LH:0
BRDA:2,0,0,0
BRDA:2,0,1,0
BRDA:2,1,0,0
BRDA:2,1,1,0
BRDA:2,1,2,0
BRDA:2,1,3,0
BRDA:2,2,0,0
BRDA:2,3,0,0
BRDA:2,3,1,0
BRDA:2,3,2,0
BRDA:2,4,0,0
BRDA:2,4,1,0
BRDA:2,4,2,0
BRDA:2,4,3,0
BRDA:2,4,4,0
BRDA:2,5,0,0
BRDA:2,5,1,0
BRDA:2,5,2,0
BRDA:2,5,3,0
BRDA:2,5,4,0
BRDA:2,5,5,0
BRDA:11,6,0,0
BRDA:11,6,1,0
BRDA:11,6,2,0
BRDA:11,6,3,0
BRDA:11,6,4,0
BRDA:11,6,5,0
BRDA:13,7,0,0
BRDA:17,8,0,0
BRDA:17,8,1,0
BRDA:17,8,2,0
BRDA:17,8,3,0
BRDA:17,8,4,0
BRDA:17,8,5,0
BRDA:52,9,0,0
BRDA:52,9,1,0
BRDA:52,9,2,0
BRDA:52,9,3,0
BRDA:52,9,4,0
BRDA:52,9,5,0
BRDA:57,10,0,0
BRDA:71,11,0,0
BRDA:71,11,1,0
BRDA:71,11,2,0
BRDA:71,11,3,0
BRDA:71,11,4,0
BRDA:96,12,0,0
BRDA:96,12,1,0
BRDA:96,12,2,0
BRDA:96,12,3,0
BRDA:96,12,4,0
BRDA:119,13,0,0
BRDA:119,13,1,0
BRDA:119,13,2,0
BRDA:119,13,3,0
BRDA:119,13,4,0
BRDA:136,14,0,0
BRDA:136,14,1,0
BRDA:136,14,2,0
BRDA:136,14,3,0
BRDA:136,14,4,0
BRDA:148,15,0,0
BRDA:148,15,1,0
BRDA:148,15,2,0
BRDA:148,15,3,0
BRDA:148,15,4,0
BRDA:165,16,0,0
BRDA:165,16,1,0
BRDA:165,16,2,0
BRDA:165,16,3,0
BRDA:165,16,4,0
BRDA:165,16,5,0
BRDA:167,17,0,0
BRDA:169,18,0,0
BRDA:169,18,1,0
BRDA:169,18,2,0
BRDA:193,19,0,0
BRDA:193,19,1,0
BRDA:193,19,2,0
BRDA:193,19,3,0
BRDA:193,19,4,0
BRDA:193,19,5,0
BRDA:195,20,0,0
BRDA:197,21,0,0
BRDA:197,21,1,0
BRF:85
BRH:0
end_of_record
TN:
SF:src/restful/controllers/contractController.js
FN:2,_regeneratorRuntime
FN:9,(anonymous_64)
FN:10,_callee
FN:10,_callee$
FN:61,createContract
FN:63,_callee2
FN:63,_callee2$
FN:83,deleteContractById
FN:85,_callee3
FN:85,_callee3$
FN:91,(anonymous_77)
FN:101,getAllContracts
FN:103,_callee4
FN:103,_callee4$
FN:124,getContractById
FN:126,_callee5
FN:126,_callee5$
FN:159,updateContractById
FNF:18
FNH:0
FNDA:0,_regeneratorRuntime
FNDA:0,(anonymous_64)
FNDA:0,_callee
FNDA:0,_callee$
FNDA:0,createContract
FNDA:0,_callee2
FNDA:0,_callee2$
FNDA:0,deleteContractById
FNDA:0,_callee3
FNDA:0,_callee3$
FNDA:0,(anonymous_77)
FNDA:0,getAllContracts
FNDA:0,_callee4
FNDA:0,_callee4$
FNDA:0,getContractById
FNDA:0,_callee5
FNDA:0,_callee5$
FNDA:0,updateContractById
DA:2,0
DA:3,0
DA:5,0
DA:7,0
DA:9,0
DA:10,0
DA:11,0
DA:24,0
DA:33,0
DA:39,0
DA:41,0
DA:52,0
DA:56,0
DA:58,0
DA:59,0
DA:61,0
DA:63,0
DA:64,0
DA:66,0
DA:69,0
DA:70,0
DA:71,0
DA:72,0
DA:76,0
DA:78,0
DA:80,0
DA:81,0
DA:83,0
DA:85,0
DA:86,0
DA:88,0
DA:89,0
DA:91,0
DA:92,0
DA:93,0
DA:94,0
DA:96,0
DA:98,0
DA:99,0
DA:101,0
DA:103,0
DA:104,0
DA:106,0
DA:109,0
DA:110,0
DA:112,0
DA:117,0
DA:119,0
DA:121,0
DA:122,0
DA:124,0
DA:126,0
DA:127,0
DA:129,0
DA:134,0
DA:135,0
DA:138,0
DA:143,0
DA:144,0
DA:145,0
DA:146,0
DA:147,0
DA:148,0
DA:150,0
DA:151,0
DA:154,0
DA:156,0
DA:157,0
DA:159,0
DA:162,0
LF:70
LH:0
BRDA:2,0,0,0
BRDA:2,0,1,0
BRDA:2,1,0,0
BRDA:2,1,1,0
BRDA:2,1,2,0
BRDA:2,1,3,0
BRDA:2,2,0,0
BRDA:2,3,0,0
BRDA:2,3,1,0
BRDA:2,3,2,0
BRDA:2,4,0,0
BRDA:2,4,1,0
BRDA:2,4,2,0
BRDA:2,4,3,0
BRDA:2,4,4,0
BRDA:2,5,0,0
BRDA:2,5,1,0
BRDA:2,5,2,0
BRDA:2,5,3,0
BRDA:2,5,4,0
BRDA:2,5,5,0
BRDA:10,6,0,0
BRDA:10,6,1,0
BRDA:10,6,2,0
BRDA:10,6,3,0
BRDA:10,6,4,0
BRDA:10,6,5,0
BRDA:24,7,0,0
BRDA:26,8,0,0
BRDA:26,8,1,0
BRDA:26,8,2,0
BRDA:26,8,3,0
BRDA:26,8,4,0
BRDA:26,8,5,0
BRDA:26,8,6,0
BRDA:26,8,7,0
BRDA:63,9,0,0
BRDA:63,9,1,0
BRDA:63,9,2,0
BRDA:63,9,3,0
BRDA:63,9,4,0
BRDA:63,9,5,0
BRDA:63,9,6,0
BRDA:70,10,0,0
BRDA:85,11,0,0
BRDA:85,11,1,0
BRDA:85,11,2,0
BRDA:85,11,3,0
BRDA:85,11,4,0
BRDA:103,12,0,0
BRDA:103,12,1,0
BRDA:103,12,2,0
BRDA:103,12,3,0
BRDA:103,12,4,0
BRDA:103,12,5,0
BRDA:110,13,0,0
BRDA:126,14,0,0
BRDA:126,14,1,0
BRDA:126,14,2,0
BRDA:126,14,3,0
BRDA:126,14,4,0
BRDA:126,14,5,0
BRDA:126,14,6,0
BRDA:135,15,0,0
BRDA:144,16,0,0
BRDA:145,17,0,0
BRDA:146,18,0,0
BRDA:147,19,0,0
BRDA:148,20,0,0
BRF:69
BRH:0
end_of_record
TN:
SF:src/restful/controllers/notificationController.js
FN:2,_regeneratorRuntime
FN:15,(anonymous_70)
FN:16,(anonymous_72)
FN:22,_callee
FN:22,_callee$
FN:54,sendNotification
FN:56,_callee2
FN:56,_callee2$
FN:70,saveFcmToken
FN:72,_callee3
FN:72,_callee3$
FN:85,(anonymous_83)
FN:119,(anonymous_84)
FN:136,getAllNotifications
FN:138,_callee4
FN:138,_callee4$
FN:150,(anonymous_89)
FN:162,clearAllNotifications
FNF:18
FNH:0
FNDA:0,_regeneratorRuntime
FNDA:0,(anonymous_70)
FNDA:0,(anonymous_72)
FNDA:0,_callee
FNDA:0,_callee$
FNDA:0,sendNotification
FNDA:0,_callee2
FNDA:0,_callee2$
FNDA:0,saveFcmToken
FNDA:0,_callee3
FNDA:0,_callee3$
FNDA:0,(anonymous_83)
FNDA:0,(anonymous_84)
FNDA:0,getAllNotifications
FNDA:0,_callee4
FNDA:0,_callee4$
FNDA:0,(anonymous_89)
FNDA:0,clearAllNotifications
DA:2,0
DA:3,0
DA:5,0
DA:7,0
DA:13,0
DA:15,0
DA:16,0
DA:22,0
DA:23,0
DA:33,0
DA:37,0
DA:46,0
DA:47,0
DA:48,0
DA:50,0
DA:51,0
DA:52,0
DA:54,0
DA:56,0
DA:57,0
DA:59,0
DA:62,0
DA:63,0
DA:64,0
DA:66,0
DA:67,0
DA:68,0
DA:70,0
DA:72,0
DA:73,0
DA:74,0
DA:78,0
DA:82,0
DA:85,0
DA:88,0
DA:90,0
DA:92,0
DA:96,0
DA:97,0
DA:98,0
DA:101,0
DA:103,0
DA:105,0
DA:106,0
DA:110,0
DA:111,0
DA:116,0
DA:119,0
DA:124,0
DA:128,0
DA:129,0
DA:131,0
DA:132,0
DA:133,0
DA:134,0
DA:136,0
DA:138,0
DA:139,0
DA:142,0
DA:149,0
DA:150,0
DA:154,0
DA:155,0
DA:156,0
DA:158,0
DA:159,0
DA:160,0
DA:162,0
DA:165,0
LF:69
LH:0
BRDA:2,0,0,0
BRDA:2,0,1,0
BRDA:2,1,0,0
BRDA:2,1,1,0
BRDA:2,1,2,0
BRDA:2,1,3,0
BRDA:2,2,0,0
BRDA:2,3,0,0
BRDA:2,3,1,0
BRDA:2,3,2,0
BRDA:2,4,0,0
BRDA:2,4,1,0
BRDA:2,4,2,0
BRDA:2,4,3,0
BRDA:2,4,4,0
BRDA:2,5,0,0
BRDA:2,5,1,0
BRDA:2,5,2,0
BRDA:2,5,3,0
BRDA:2,5,4,0
BRDA:2,5,5,0
BRDA:22,6,0,0
BRDA:22,6,1,0
BRDA:22,6,2,0
BRDA:22,6,3,0
BRDA:22,6,4,0
BRDA:22,6,5,0
BRDA:51,7,0,0
BRDA:51,7,1,0
BRDA:56,8,0,0
BRDA:56,8,1,0
BRDA:56,8,2,0
BRDA:56,8,3,0
BRDA:56,8,4,0
BRDA:67,9,0,0
BRDA:67,9,1,0
BRDA:72,10,0,0
BRDA:72,10,1,0
BRDA:72,10,2,0
BRDA:72,10,3,0
BRDA:72,10,4,0
BRDA:72,10,5,0
BRDA:72,10,6,0
BRDA:72,10,7,0
BRDA:88,11,0,0
BRDA:92,12,0,0
BRDA:99,13,0,0
BRDA:99,13,1,0
BRDA:102,14,0,0
BRDA:102,14,1,0
BRDA:103,15,0,0
BRDA:133,16,0,0
BRDA:133,16,1,0
BRDA:138,17,0,0
BRDA:138,17,1,0
BRDA:138,17,2,0
BRDA:138,17,3,0
BRDA:138,17,4,0
BRDA:138,17,5,0
BRDA:159,18,0,0
BRDA:159,18,1,0
BRF:61
BRH:0
end_of_record
TN:
SF:src/restful/controllers/opportunitiesController.js
FN:2,_regeneratorRuntime
FN:13,(anonymous_73)
FN:14,(anonymous_75)
FN:20,_callee
FN:20,_callee$
FN:48,(anonymous_78)
FN:70,getAllOpportunities
FN:72,_callee2
FN:72,_callee2$
FN:102,(anonymous_83)
FN:120,getAllOpportunitiesByUserId
FN:122,_callee3
FN:122,_callee3$
FN:144,getOpportunityById
FN:146,_callee4
FN:146,_callee4$
FN:180,(anonymous_92)
FN:202,getOpportunitiesByStatus
FN:204,_callee5
FN:204,_callee5$
FN:231,deleteOpportunityById
FN:233,_callee6
FN:233,_callee6$
FN:258,(anonymous_101)
FN:279,updateOpportunityById
FN:281,_callee7
FN:281,_callee7$
FN:328,(anonymous_106)
FN:372,createOpportunity
FN:374,_callee8
FN:374,_callee8$
FN:376,createJobOpportunity
FN:378,_callee9
FN:378,_callee9$
FN:380,createPitchOpportunity
FN:382,_callee10
FN:382,_callee10$
FN:384,createCampaignOpportunity
FN:389,getTypeRequiredFields
FNF:39
FNH:0
FNDA:0,_regeneratorRuntime
FNDA:0,(anonymous_73)
FNDA:0,(anonymous_75)
FNDA:0,_callee
FNDA:0,_callee$
FNDA:0,(anonymous_78)
FNDA:0,getAllOpportunities
FNDA:0,_callee2
FNDA:0,_callee2$
FNDA:0,(anonymous_83)
FNDA:0,getAllOpportunitiesByUserId
FNDA:0,_callee3
FNDA:0,_callee3$
FNDA:0,getOpportunityById
FNDA:0,_callee4
FNDA:0,_callee4$
FNDA:0,(anonymous_92)
FNDA:0,getOpportunitiesByStatus
FNDA:0,_callee5
FNDA:0,_callee5$
FNDA:0,deleteOpportunityById
FNDA:0,_callee6
FNDA:0,_callee6$
FNDA:0,(anonymous_101)
FNDA:0,updateOpportunityById
FNDA:0,_callee7
FNDA:0,_callee7$
FNDA:0,(anonymous_106)
FNDA:0,createOpportunity
FNDA:0,_callee8
FNDA:0,_callee8$
FNDA:0,createJobOpportunity
FNDA:0,_callee9
FNDA:0,_callee9$
FNDA:0,createPitchOpportunity
FNDA:0,_callee10
FNDA:0,_callee10$
FNDA:0,createCampaignOpportunity
FNDA:0,getTypeRequiredFields
DA:1,0
DA:2,0
DA:3,0
DA:4,0
DA:6,0
DA:12,0
DA:13,0
DA:14,0
DA:20,0
DA:21,0
DA:22,0
DA:25,0
DA:26,0
DA:32,0
DA:33,0
DA:34,0
DA:38,0
DA:39,0
DA:41,0
DA:46,0
DA:48,0
DA:49,0
DA:50,0
DA:52,0
DA:53,0
DA:54,0
DA:57,0
DA:60,0
DA:61,0
DA:62,0
DA:65,0
DA:66,0
DA:67,0
DA:68,0
DA:70,0
DA:72,0
DA:73,0
DA:74,0
DA:75,0
DA:77,0
DA:78,0
DA:82,0
DA:83,0
DA:86,0
DA:88,0
DA:89,0
DA:93,0
DA:94,0
DA:96,0
DA:100,0
DA:102,0
DA:103,0
DA:104,0
DA:106,0
DA:108,0
DA:112,0
DA:114,0
DA:117,0
DA:118,0
DA:120,0
DA:122,0
DA:123,0
DA:124,0
DA:126,0
DA:127,0
DA:131,0
DA:132,0
DA:134,0
DA:138,0
DA:139,0
DA:141,0
DA:142,0
DA:144,0
DA:146,0
DA:147,0
DA:148,0
DA:149,0
DA:151,0
DA:152,0
DA:153,0
DA:154,0
DA:158,0
DA:159,0
DA:162,0
DA:164,0
DA:165,0
DA:169,0
DA:170,0
DA:172,0
DA:173,0
DA:174,0
DA:178,0
DA:180,0
DA:181,0
DA:182,0
DA:184,0
DA:185,0
DA:186,0
DA:189,0
DA:192,0
DA:193,0
DA:194,0
DA:197,0
DA:198,0
DA:199,0
DA:200,0
DA:202,0
DA:204,0
DA:205,0
DA:207,0
DA:209,0
DA:214,0
DA:215,0
DA:217,0
DA:218,0
DA:222,0
DA:226,0
DA:228,0
DA:229,0
DA:231,0
DA:233,0
DA:234,0
DA:236,0
DA:237,0
DA:240,0
DA:241,0
DA:244,0
DA:245,0
DA:249,0
DA:254,0
DA:257,0
DA:258,0
DA:260,0
DA:261,0
DA:265,0
DA:266,0
DA:271,0
DA:273,0
DA:274,0
DA:277,0
DA:279,0
DA:281,0
DA:282,0
DA:284,0
DA:287,0
DA:288,0
DA:290,0
DA:291,0
DA:292,0
DA:296,0
DA:298,0
DA:299,0
DA:300,0
DA:301,0
DA:306,0
DA:309,0
DA:312,0
DA:313,0
DA:317,0
DA:318,0
DA:322,0
DA:323,0
DA:327,0
DA:328,0
DA:330,0
DA:331,0
DA:332,0
DA:333,0
DA:334,0
DA:338,0
DA:342,0
DA:343,0
DA:344,0
DA:345,0
DA:356,0
DA:363,0
DA:364,0
DA:365,0
DA:367,0
DA:368,0
DA:369,0
DA:370,0
DA:372,0
DA:374,0
DA:375,0
DA:376,0
DA:378,0
DA:379,0
DA:380,0
DA:382,0
DA:383,0
DA:384,0
DA:387,0
DA:390,0
DA:392,0
DA:411,0
DA:419,0
DA:431,0
DA:435,0
LF:199
LH:0
BRDA:2,0,0,0
BRDA:2,0,1,0
BRDA:2,1,0,0
BRDA:2,1,1,0
BRDA:2,1,2,0
BRDA:2,1,3,0
BRDA:2,2,0,0
BRDA:2,3,0,0
BRDA:2,3,1,0
BRDA:2,3,2,0
BRDA:2,4,0,0
BRDA:2,4,1,0
BRDA:2,4,2,0
BRDA:2,4,3,0
BRDA:2,4,4,0
BRDA:2,5,0,0
BRDA:2,5,1,0
BRDA:2,5,2,0
BRDA:2,5,3,0
BRDA:2,5,4,0
BRDA:2,5,5,0
BRDA:20,6,0,0
BRDA:20,6,1,0
BRDA:20,6,2,0
BRDA:20,6,3,0
BRDA:20,6,4,0
BRDA:20,6,5,0
BRDA:20,6,6,0
BRDA:20,6,7,0
BRDA:20,6,8,0
BRDA:20,6,9,0
BRDA:22,7,0,0
BRDA:22,7,1,0
BRDA:22,8,0,0
BRDA:22,8,1,0
BRDA:32,9,0,0
BRDA:34,10,0,0
BRDA:50,11,0,0
BRDA:67,12,0,0
BRDA:67,12,1,0
BRDA:72,13,0,0
BRDA:72,13,1,0
BRDA:72,13,2,0
BRDA:72,13,3,0
BRDA:72,13,4,0
BRDA:72,13,5,0
BRDA:72,13,6,0
BRDA:72,13,7,0
BRDA:72,13,8,0
BRDA:72,13,9,0
BRDA:72,13,10,0
BRDA:75,14,0,0
BRDA:75,14,1,0
BRDA:75,15,0,0
BRDA:75,15,1,0
BRDA:75,16,0,0
BRDA:86,17,0,0
BRDA:89,18,0,0
BRDA:103,19,0,0
BRDA:106,20,0,0
BRDA:122,21,0,0
BRDA:122,21,1,0
BRDA:122,21,2,0
BRDA:122,21,3,0
BRDA:122,21,4,0
BRDA:122,21,5,0
BRDA:122,21,6,0
BRDA:124,22,0,0
BRDA:132,23,0,0
BRDA:146,24,0,0
BRDA:146,24,1,0
BRDA:146,24,2,0
BRDA:146,24,3,0
BRDA:146,24,4,0
BRDA:146,24,5,0
BRDA:146,24,6,0
BRDA:146,24,7,0
BRDA:146,24,8,0
BRDA:146,24,9,0
BRDA:146,24,10,0
BRDA:149,25,0,0
BRDA:149,25,1,0
BRDA:149,26,0,0
BRDA:149,26,1,0
BRDA:149,27,0,0
BRDA:151,28,0,0
BRDA:151,28,1,0
BRDA:162,29,0,0
BRDA:165,30,0,0
BRDA:182,31,0,0
BRDA:199,32,0,0
BRDA:199,32,1,0
BRDA:204,33,0,0
BRDA:204,33,1,0
BRDA:204,33,2,0
BRDA:204,33,3,0
BRDA:204,33,4,0
BRDA:204,33,5,0
BRDA:204,33,6,0
BRDA:204,33,7,0
BRDA:207,34,0,0
BRDA:215,35,0,0
BRDA:233,36,0,0
BRDA:233,36,1,0
BRDA:233,36,2,0
BRDA:233,36,3,0
BRDA:233,36,4,0
BRDA:233,36,5,0
BRDA:233,36,6,0
BRDA:233,36,7,0
BRDA:241,37,0,0
BRDA:245,38,0,0
BRDA:249,39,0,0
BRDA:249,39,1,0
BRDA:260,40,0,0
BRDA:277,41,0,0
BRDA:277,41,1,0
BRDA:277,42,0,0
BRDA:277,42,1,0
BRDA:277,43,0,0
BRDA:277,43,1,0
BRDA:281,44,0,0
BRDA:281,44,1,0
BRDA:281,44,2,0
BRDA:281,44,3,0
BRDA:281,44,4,0
BRDA:281,44,5,0
BRDA:281,44,6,0
BRDA:281,44,7,0
BRDA:281,44,8,0
BRDA:281,44,9,0
BRDA:281,44,10,0
BRDA:281,44,11,0
BRDA:288,45,0,0
BRDA:298,46,0,0
BRDA:312,47,0,0
BRDA:317,48,0,0
BRDA:318,49,0,0
BRDA:318,49,1,0
BRDA:322,50,0,0
BRDA:330,51,0,0
BRDA:338,52,0,0
BRDA:369,53,0,0
BRDA:369,53,1,0
BRDA:374,54,0,0
BRDA:374,54,1,0
BRDA:374,54,2,0
BRDA:378,55,0,0
BRDA:378,55,1,0
BRDA:378,55,2,0
BRDA:382,56,0,0
BRDA:382,56,1,0
BRDA:382,56,2,0
BRDA:390,57,0,0
BRDA:390,57,1,0
BRDA:390,57,2,0
BRDA:390,57,3,0
BRF:157
BRH:0
end_of_record
TN:
SF:src/restful/controllers/paymentController.js
FN:2,_regeneratorRuntime
FN:12,(anonymous_59)
FN:12,_callee
FN:12,_callee$
FN:12,createCheckoutSession
FN:39,(anonymous_63)
FN:39,_callee2
FN:39,_callee2$
FN:39,cancelSubscription
FN:76,(anonymous_67)
FN:76,_callee3
FN:76,_callee3$
FN:76,subscribeUser
FN:111,(anonymous_71)
FN:111,_callee4
FN:111,_callee4$
FN:111,getUserPaymentInfo
FN:133,(anonymous_75)
FN:133,_callee5
FN:133,_callee5$
FN:133,getSubscriptionInfo
FNF:21
FNH:0
FNDA:0,_regeneratorRuntime
FNDA:0,(anonymous_59)
FNDA:0,_callee
FNDA:0,_callee$
FNDA:0,createCheckoutSession
FNDA:0,(anonymous_63)
FNDA:0,_callee2
FNDA:0,_callee2$
FNDA:0,cancelSubscription
FNDA:0,(anonymous_67)
FNDA:0,_callee3
FNDA:0,_callee3$
FNDA:0,subscribeUser
FNDA:0,(anonymous_71)
FNDA:0,_callee4
FNDA:0,_callee4$
FNDA:0,getUserPaymentInfo
FNDA:0,(anonymous_75)
FNDA:0,_callee5
FNDA:0,_callee5$
FNDA:0,getSubscriptionInfo
DA:2,0
DA:3,0
DA:4,0
DA:12,0
DA:13,0
DA:15,0
DA:28,0
DA:30,0
DA:31,0
DA:35,0
DA:37,0
DA:39,0
DA:40,0
DA:41,0
DA:45,0
DA:46,0
DA:47,0
DA:49,0
DA:50,0
DA:51,0
DA:55,0
DA:63,0
DA:65,0
DA:67,0
DA:68,0
DA:72,0
DA:74,0
DA:76,0
DA:78,0
DA:81,0
DA:83,0
DA:85,0
DA:87,0
DA:93,0
DA:95,0
DA:99,0
DA:102,0
DA:103,0
DA:107,0
DA:109,0
DA:111,0
DA:112,0
DA:113,0
DA:116,0
DA:117,0
DA:118,0
DA:122,0
DA:124,0
DA:125,0
DA:129,0
DA:131,0
DA:133,0
DA:134,0
DA:136,0
DA:137,0
DA:138,0
DA:142,0
DA:143,0
DA:144,0
DA:146,0
DA:147,0
DA:152,0
DA:154,0
DA:156,0
LF:64
LH:0
BRDA:2,0,0,0
BRDA:2,0,1,0
BRDA:2,1,0,0
BRDA:2,1,1,0
BRDA:2,1,2,0
BRDA:2,1,3,0
BRDA:2,2,0,0
BRDA:2,3,0,0
BRDA:2,3,1,0
BRDA:2,3,2,0
BRDA:2,4,0,0
BRDA:2,4,1,0
BRDA:2,4,2,0
BRDA:2,4,3,0
BRDA:2,4,4,0
BRDA:2,5,0,0
BRDA:2,5,1,0
BRDA:2,5,2,0
BRDA:2,5,3,0
BRDA:2,5,4,0
BRDA:2,5,5,0
BRDA:12,6,0,0
BRDA:12,6,1,0
BRDA:12,6,2,0
BRDA:12,6,3,0
BRDA:12,6,4,0
BRDA:13,7,0,0
BRDA:13,7,1,0
BRDA:39,8,0,0
BRDA:39,8,1,0
BRDA:39,8,2,0
BRDA:39,8,3,0
BRDA:39,8,4,0
BRDA:39,8,5,0
BRDA:39,8,6,0
BRDA:39,8,7,0
BRDA:39,8,8,0
BRDA:45,9,0,0
BRDA:49,10,0,0
BRDA:76,11,0,0
BRDA:76,11,1,0
BRDA:76,11,2,0
BRDA:76,11,3,0
BRDA:76,11,4,0
BRDA:76,11,5,0
BRDA:76,11,6,0
BRDA:76,11,7,0
BRDA:81,12,0,0
BRDA:111,13,0,0
BRDA:111,13,1,0
BRDA:111,13,2,0
BRDA:111,13,3,0
BRDA:111,13,4,0
BRDA:111,13,5,0
BRDA:116,14,0,0
BRDA:133,15,0,0
BRDA:133,15,1,0
BRDA:133,15,2,0
BRDA:133,15,3,0
BRDA:133,15,4,0
BRDA:133,15,5,0
BRDA:134,16,0,0
BRF:62
BRH:0
end_of_record
TN:
SF:src/restful/routes/adminRouter.js
FNF:0
FNH:0
DA:1,0
DA:2,0
DA:3,0
DA:4,0
DA:6,0
DA:8,0
DA:14,0
DA:15,0
DA:21,0
DA:27,0
DA:33,0
DA:41,0
DA:47,0
DA:48,0
DA:49,0
DA:51,0
LF:16
LH:0
BRF:0
BRH:0
end_of_record
TN:
SF:src/restful/routes/applicationsRouter.js
FNF:0
FNH:0
DA:1,0
DA:3,0
DA:4,0
DA:6,0
DA:9,0
DA:12,0
DA:18,0
DA:21,0
DA:24,0
DA:27,0
DA:29,0
LF:11
LH:0
BRF:0
BRH:0
end_of_record
TN:
SF:src/restful/routes/authRouter.js
FNF:0
FNH:0
DA:1,0
DA:2,0
DA:3,0
DA:5,0
DA:7,0
DA:8,0
DA:10,0
DA:11,0
DA:12,0
DA:13,0
DA:14,0
DA:15,0
DA:16,0
DA:17,0
DA:18,0
DA:20,0
DA:25,0
DA:27,0
LF:18
LH:0
BRF:0
BRH:0
end_of_record
TN:
SF:src/restful/routes/chatRouter.js
FNF:0
FNH:0
DA:1,0
DA:2,0
DA:4,0
DA:6,0
DA:7,0
DA:8,0
DA:9,0
DA:10,0
DA:11,0
DA:12,0
DA:13,0
DA:15,0
LF:12
LH:0
BRF:0
BRH:0
end_of_record
TN:
SF:src/restful/routes/contractRouter.js
FNF:0
FNH:0
DA:2,0
DA:3,0
DA:4,0
DA:6,0
DA:7,0
DA:8,0
DA:9,0
DA:11,0
DA:13,0
LF:9
LH:0
BRF:0
BRH:0
end_of_record
TN:
SF:src/restful/routes/index.js
FN:33,(anonymous_0)
FN:38,(anonymous_1)
FNF:2
FNH:0
FNDA:0,(anonymous_0)
FNDA:0,(anonymous_1)
DA:1,0
DA:3,0
DA:4,0
DA:5,0
DA:6,0
DA:7,0
DA:8,0
DA:9,0
DA:10,0
DA:11,0
DA:14,0
DA:20,0
DA:21,0
DA:22,0
DA:24,0
DA:25,0
DA:26,0
DA:27,0
DA:28,0
DA:29,0
DA:30,0
DA:31,0
DA:33,0
DA:34,0
DA:38,0
DA:39,0
DA:45,0
LF:27
LH:0
BRDA:20,0,0,0
BRDA:20,0,1,0
BRF:2
BRH:0
end_of_record
TN:
SF:src/restful/routes/notificationRouter.js
FNF:0
FNH:0
DA:2,0
DA:3,0
DA:5,0
DA:6,0
DA:8,0
DA:10,0
DA:11,0
DA:12,0
DA:13,0
DA:15,0
LF:10
LH:0
BRF:0
BRH:0
end_of_record
TN:
SF:src/restful/routes/opportunitiesRouter.js
FN:2,_regeneratorRuntime
FN:21,(anonymous_59)
FN:21,_callee
FN:21,_callee$
FN:44,(anonymous_62)
FNF:5
FNH:0
FNDA:0,_regeneratorRuntime
FNDA:0,(anonymous_59)
FNDA:0,_callee
FNDA:0,_callee$
FNDA:0,(anonymous_62)
DA:1,0
DA:2,0
DA:3,0
DA:4,0
DA:6,0
DA:8,0
DA:9,0
DA:10,0
DA:11,0
DA:15,0
DA:21,0
DA:22,0
DA:23,0
DA:26,0
DA:30,0
DA:32,0
DA:34,0
DA:35,0
DA:36,0
DA:38,0
DA:41,0
DA:42,0
DA:44,0
DA:47,0
DA:52,0
LF:25
LH:0
BRDA:2,0,0,0
BRDA:2,0,1,0
BRDA:2,1,0,0
BRDA:2,1,1,0
BRDA:2,1,2,0
BRDA:2,1,3,0
BRDA:2,2,0,0
BRDA:2,3,0,0
BRDA:2,3,1,0
BRDA:2,3,2,0
BRDA:2,4,0,0
BRDA:2,4,1,0
BRDA:2,4,2,0
BRDA:2,4,3,0
BRDA:2,4,4,0
BRDA:2,5,0,0
BRDA:2,5,1,0
BRDA:2,5,2,0
BRDA:2,5,3,0
BRDA:2,5,4,0
BRDA:2,5,5,0
BRDA:21,6,0,0
BRDA:21,6,1,0
BRDA:21,6,2,0
BRDA:21,6,3,0
BRDA:21,6,4,0
BRDA:21,6,5,0
BRDA:21,6,6,0
BRDA:21,6,7,0
BRDA:21,6,8,0
BRDA:21,6,9,0
BRDA:22,7,0,0
BRDA:23,8,0,0
BRDA:23,8,1,0
BRDA:30,9,0,0
BRDA:30,9,1,0
BRDA:31,10,0,0
BRDA:31,10,1,0
BRDA:33,11,0,0
BRDA:33,11,1,0
BRF:40
BRH:0
end_of_record
TN:
SF:src/restful/routes/paymentRouter.js
FNF:0
FNH:0
DA:1,0
DA:3,0
DA:4,0
DA:5,0
DA:6,0
DA:7,0
DA:8,0
DA:10,0
DA:12,0
DA:13,0
DA:14,0
DA:15,0
DA:16,0
DA:18,0
LF:14
LH:0
BRF:0
BRH:0
end_of_record
TN:
SF:src/services/templates/SendAcceptEmail.js
FN:1,_interopRequireDefault
FN:5,SendAcceptEmail
FNF:2
FNH:0
FNDA:0,_interopRequireDefault
FNDA:0,SendAcceptEmail
DA:1,0
DA:3,0
DA:5,0
DA:6,0
DA:80,0
LF:5
LH:0
BRDA:1,0,0,0
BRDA:1,0,1,0
BRF:2
BRH:0
end_of_record
TN:
SF:src/services/templates/SendOtpEmail.js
FN:5,sendOtpEmail
FNF:1
FNH:0
FNDA:0,sendOtpEmail
DA:1,0
DA:3,0
DA:5,0
DA:6,0
DA:7,0
DA:75,0
DA:78,0
LF:7
LH:0
BRF:0
BRH:0
end_of_record
TN:
SF:src/services/templates/SendPasswordReset.js
FN:5,SendPasswordReset
FNF:1
FNH:0
FNDA:0,SendPasswordReset
DA:1,0
DA:3,0
DA:5,0
DA:6,0
DA:82,0
DA:85,0
LF:6
LH:0
BRF:0
BRH:0
end_of_record
